[2021-02-16 21:46:45.021] [renderer1] [error] [File Watcher (node.js)] Error: ENOENT: no such file or directory, stat '/home/abinesh/StableCoin/.vscode'
[2021-02-16 21:46:51.071] [renderer1] [warning] UNRESPONSIVE extension host, 'googlecloudtools.cloudcode' took 100% of 132.696ms, saved PROFILE here: '/tmp/exthost-580b84.cpuprofile' [{"id":"googlecloudtools.cloudcode","total":132510,"percentage":100}]
[2021-02-17 10:43:34.102] [renderer1] [error] Can't run recursive splices.: Error: Can't run recursive splices.
    at o.splice (file:///snap/code/55/usr/share/code/resources/app/out/vs/workbench/workbench.desktop.main.js:124:11096)
    at file:///snap/code/55/usr/share/code/resources/app/out/vs/workbench/workbench.desktop.main.js:3:139342
    at Array.forEach (<anonymous>)
    at t.splice (file:///snap/code/55/usr/share/code/resources/app/out/vs/workbench/workbench.desktop.main.js:3:139329)
    at file:///snap/code/55/usr/share/code/resources/app/out/vs/workbench/workbench.desktop.main.js:138:7711
    at d.bufferEvents (file:///snap/code/55/usr/share/code/resources/app/out/vs/workbench/workbench.desktop.main.js:55:4384)
    at L.splice (file:///snap/code/55/usr/share/code/resources/app/out/vs/workbench/workbench.desktop.main.js:138:7678)
    at L.splice (file:///snap/code/55/usr/share/code/resources/app/out/vs/workbench/workbench.desktop.main.js:162:44086)
    at Object.splice (file:///snap/code/55/usr/share/code/resources/app/out/vs/workbench/workbench.desktop.main.js:56:63632)
    at C.refilter (file:///snap/code/55/usr/share/code/resources/app/out/vs/workbench/workbench.desktop.main.js:56:49818)
    at D.refilter (file:///snap/code/55/usr/share/code/resources/app/out/vs/workbench/workbench.desktop.main.js:56:57484)
    at u.refilter (file:///snap/code/55/usr/share/code/resources/app/out/vs/workbench/workbench.desktop.main.js:56:62728)
    at h.refilter (file:///snap/code/55/usr/share/code/resources/app/out/vs/workbench/workbench.desktop.main.js:56:65892)
    at C.refilter (file:///snap/code/55/usr/share/code/resources/app/out/vs/workbench/workbench.desktop.main.js:163:873)
    at I.updateOptions (file:///snap/code/55/usr/share/code/resources/app/out/vs/workbench/workbench.desktop.main.js:162:36192)
    at C.updateOptions (file:///snap/code/55/usr/share/code/resources/app/out/vs/workbench/workbench.desktop.main.js:162:48603)
    at C.updateOptions (file:///snap/code/55/usr/share/code/resources/app/out/vs/workbench/workbench.desktop.main.js:163:8490)
    at G.updateOptions (file:///snap/code/55/usr/share/code/resources/app/out/vs/workbench/workbench.desktop.main.js:163:26799)
    at qr.setEditable (file:///snap/code/55/usr/share/code/resources/app/out/vs/workbench/workbench.desktop.main.js:2546:19859)
    at Lo.setEditable (file:///snap/code/55/usr/share/code/resources/app/out/vs/workbench/workbench.desktop.main.js:1884:17572)
    at Object.onFinish (file:///snap/code/55/usr/share/code/resources/app/out/vs/workbench/workbench.desktop.main.js:2545:12764)
    at Object.<anonymous> (file:///snap/code/55/usr/share/code/resources/app/out/vs/workbench/workbench.desktop.main.js:2545:45454)
    at file:///snap/code/55/usr/share/code/resources/app/out/vs/workbench/workbench.desktop.main.js:6:6231
    at HTMLInputElement.<anonymous> (file:///snap/code/55/usr/share/code/resources/app/out/vs/workbench/workbench.desktop.main.js:2545:46049)
    at h.focus (file:///snap/code/55/usr/share/code/resources/app/out/vs/workbench/workbench.desktop.main.js:163:68856)
    at Ea.renderInputBox (file:///snap/code/55/usr/share/code/resources/app/out/vs/workbench/workbench.desktop.main.js:2545:45269)
    at Ea.renderElement (file:///snap/code/55/usr/share/code/resources/app/out/vs/workbench/workbench.desktop.main.js:2545:42788)
    at E.renderElement (file:///snap/code/55/usr/share/code/resources/app/out/vs/workbench/workbench.desktop.main.js:163:25063)
    at y.renderElement (file:///snap/code/55/usr/share/code/resources/app/out/vs/workbench/workbench.desktop.main.js:163:7194)
    at w.renderElement (file:///snap/code/55/usr/share/code/resources/app/out/vs/workbench/workbench.desktop.main.js:162:30212)
    at z.renderElement (file:///snap/code/55/usr/share/code/resources/app/out/vs/workbench/workbench.desktop.main.js:138:1588)
    at o.insertItemInDOM (file:///snap/code/55/usr/share/code/resources/app/out/vs/workbench/workbench.desktop.main.js:124:17138)
    at o._splice (file:///snap/code/55/usr/share/code/resources/app/out/vs/workbench/workbench.desktop.main.js:124:12953)
    at o.splice (file:///snap/code/55/usr/share/code/resources/app/out/vs/workbench/workbench.desktop.main.js:124:11171)
    at file:///snap/code/55/usr/share/code/resources/app/out/vs/workbench/workbench.desktop.main.js:3:139342
    at Array.forEach (<anonymous>)
    at t.splice (file:///snap/code/55/usr/share/code/resources/app/out/vs/workbench/workbench.desktop.main.js:3:139329)
    at file:///snap/code/55/usr/share/code/resources/app/out/vs/workbench/workbench.desktop.main.js:138:7711
    at d.bufferEvents (file:///snap/code/55/usr/share/code/resources/app/out/vs/workbench/workbench.desktop.main.js:55:4384)
    at L.splice (file:///snap/code/55/usr/share/code/resources/app/out/vs/workbench/workbench.desktop.main.js:138:7678)
    at L.splice (file:///snap/code/55/usr/share/code/resources/app/out/vs/workbench/workbench.desktop.main.js:162:44086)
    at Object.splice (file:///snap/code/55/usr/share/code/resources/app/out/vs/workbench/workbench.desktop.main.js:56:63632)
    at C.refilter (file:///snap/code/55/usr/share/code/resources/app/out/vs/workbench/workbench.desktop.main.js:56:49818)
    at D.refilter (file:///snap/code/55/usr/share/code/resources/app/out/vs/workbench/workbench.desktop.main.js:56:57484)
    at u.refilter (file:///snap/code/55/usr/share/code/resources/app/out/vs/workbench/workbench.desktop.main.js:56:62728)
    at h.refilter (file:///snap/code/55/usr/share/code/resources/app/out/vs/workbench/workbench.desktop.main.js:56:65892)
    at C.refilter (file:///snap/code/55/usr/share/code/resources/app/out/vs/workbench/workbench.desktop.main.js:163:873)
    at I.onDidSpliceModel (file:///snap/code/55/usr/share/code/resources/app/out/vs/workbench/workbench.desktop.main.js:162:39407)
    at u.fire (file:///snap/code/55/usr/share/code/resources/app/out/vs/workbench/workbench.desktop.main.js:55:1856)
    at file:///snap/code/55/usr/share/code/resources/app/out/vs/workbench/workbench.desktop.main.js:53:58618
    at u.fire (file:///snap/code/55/usr/share/code/resources/app/out/vs/workbench/workbench.desktop.main.js:55:1836)
    at C.spliceSimple (file:///snap/code/55/usr/share/code/resources/app/out/vs/workbench/workbench.desktop.main.js:56:47364)
    at C.splice (file:///snap/code/55/usr/share/code/resources/app/out/vs/workbench/workbench.desktop.main.js:56:45418)
    at D._setChildren (file:///snap/code/55/usr/share/code/resources/app/out/vs/workbench/workbench.desktop.main.js:56:55297)
    at D.setChildren (file:///snap/code/55/usr/share/code/resources/app/out/vs/workbench/workbench.desktop.main.js:56:54635)
    at u._setChildren (file:///snap/code/55/usr/share/code/resources/app/out/vs/workbench/workbench.desktop.main.js:56:61195)
    at u.setChildren (file:///snap/code/55/usr/share/code/resources/app/out/vs/workbench/workbench.desktop.main.js:56:60640)
    at h.setChildren (file:///snap/code/55/usr/share/code/resources/app/out/vs/workbench/workbench.desktop.main.js:56:64767)
    at C.setChildren (file:///snap/code/55/usr/share/code/resources/app/out/vs/workbench/workbench.desktop.main.js:163:8378)
    at G.render (file:///snap/code/55/usr/share/code/resources/app/out/vs/workbench/workbench.desktop.main.js:163:23111)
    at G.render (file:///snap/code/55/usr/share/code/resources/app/out/vs/workbench/workbench.desktop.main.js:163:27675)
    at G.refreshAndRenderNode (file:///snap/code/55/usr/share/code/resources/app/out/vs/workbench/workbench.desktop.main.js:163:19816)
    at async G._updateChildren (file:///snap/code/55/usr/share/code/resources/app/out/vs/workbench/workbench.desktop.main.js:163:17022)
    at async G.updateChildren (file:///snap/code/55/usr/share/code/resources/app/out/vs/workbench/workbench.desktop.main.js:163:16688)
    at async qr.setEditable (file:///snap/code/55/usr/share/code/resources/app/out/vs/workbench/workbench.desktop.main.js:2546:20003)
    at async Lo.setEditable (file:///snap/code/55/usr/share/code/resources/app/out/vs/workbench/workbench.desktop.main.js:1884:17556)
    at async De (file:///snap/code/55/usr/share/code/resources/app/out/vs/workbench/workbench.desktop.main.js:2545:12380)
    at async D.run (file:///snap/code/55/usr/share/code/resources/app/out/vs/workbench/workbench.desktop.main.js:163:30446)
    at async s.runAction (file:///snap/code/55/usr/share/code/resources/app/out/vs/workbench/workbench.desktop.main.js:1268:30478)
[2021-02-17 12:10:44.003] [renderer1] [error] Can't run recursive splices.: Error: Can't run recursive splices.
    at o.splice (file:///snap/code/55/usr/share/code/resources/app/out/vs/workbench/workbench.desktop.main.js:124:11096)
    at file:///snap/code/55/usr/share/code/resources/app/out/vs/workbench/workbench.desktop.main.js:3:139342
    at Array.forEach (<anonymous>)
    at t.splice (file:///snap/code/55/usr/share/code/resources/app/out/vs/workbench/workbench.desktop.main.js:3:139329)
    at file:///snap/code/55/usr/share/code/resources/app/out/vs/workbench/workbench.desktop.main.js:138:7711
    at d.bufferEvents (file:///snap/code/55/usr/share/code/resources/app/out/vs/workbench/workbench.desktop.main.js:55:4384)
    at L.splice (file:///snap/code/55/usr/share/code/resources/app/out/vs/workbench/workbench.desktop.main.js:138:7678)
    at L.splice (file:///snap/code/55/usr/share/code/resources/app/out/vs/workbench/workbench.desktop.main.js:162:44086)
    at Object.splice (file:///snap/code/55/usr/share/code/resources/app/out/vs/workbench/workbench.desktop.main.js:56:63632)
    at C.refilter (file:///snap/code/55/usr/share/code/resources/app/out/vs/workbench/workbench.desktop.main.js:56:49818)
    at D.refilter (file:///snap/code/55/usr/share/code/resources/app/out/vs/workbench/workbench.desktop.main.js:56:57484)
    at u.refilter (file:///snap/code/55/usr/share/code/resources/app/out/vs/workbench/workbench.desktop.main.js:56:62728)
    at h.refilter (file:///snap/code/55/usr/share/code/resources/app/out/vs/workbench/workbench.desktop.main.js:56:65892)
    at C.refilter (file:///snap/code/55/usr/share/code/resources/app/out/vs/workbench/workbench.desktop.main.js:163:873)
    at I.updateOptions (file:///snap/code/55/usr/share/code/resources/app/out/vs/workbench/workbench.desktop.main.js:162:36192)
    at C.updateOptions (file:///snap/code/55/usr/share/code/resources/app/out/vs/workbench/workbench.desktop.main.js:162:48603)
    at C.updateOptions (file:///snap/code/55/usr/share/code/resources/app/out/vs/workbench/workbench.desktop.main.js:163:8490)
    at G.updateOptions (file:///snap/code/55/usr/share/code/resources/app/out/vs/workbench/workbench.desktop.main.js:163:26799)
    at qr.setEditable (file:///snap/code/55/usr/share/code/resources/app/out/vs/workbench/workbench.desktop.main.js:2546:19859)
    at Lo.setEditable (file:///snap/code/55/usr/share/code/resources/app/out/vs/workbench/workbench.desktop.main.js:1884:17572)
    at Object.onFinish (file:///snap/code/55/usr/share/code/resources/app/out/vs/workbench/workbench.desktop.main.js:2545:12001)
    at Object.<anonymous> (file:///snap/code/55/usr/share/code/resources/app/out/vs/workbench/workbench.desktop.main.js:2545:45454)
    at file:///snap/code/55/usr/share/code/resources/app/out/vs/workbench/workbench.desktop.main.js:6:6231
    at HTMLInputElement.<anonymous> (file:///snap/code/55/usr/share/code/resources/app/out/vs/workbench/workbench.desktop.main.js:2545:46049)
    at h.focus (file:///snap/code/55/usr/share/code/resources/app/out/vs/workbench/workbench.desktop.main.js:163:68856)
    at Ea.renderInputBox (file:///snap/code/55/usr/share/code/resources/app/out/vs/workbench/workbench.desktop.main.js:2545:45269)
    at Ea.renderElement (file:///snap/code/55/usr/share/code/resources/app/out/vs/workbench/workbench.desktop.main.js:2545:42788)
    at E.renderElement (file:///snap/code/55/usr/share/code/resources/app/out/vs/workbench/workbench.desktop.main.js:163:25063)
    at y.renderElement (file:///snap/code/55/usr/share/code/resources/app/out/vs/workbench/workbench.desktop.main.js:163:7194)
    at w.renderElement (file:///snap/code/55/usr/share/code/resources/app/out/vs/workbench/workbench.desktop.main.js:162:30212)
    at z.renderElement (file:///snap/code/55/usr/share/code/resources/app/out/vs/workbench/workbench.desktop.main.js:138:1588)
    at o.insertItemInDOM (file:///snap/code/55/usr/share/code/resources/app/out/vs/workbench/workbench.desktop.main.js:124:17138)
    at o._splice (file:///snap/code/55/usr/share/code/resources/app/out/vs/workbench/workbench.desktop.main.js:124:12953)
    at o.splice (file:///snap/code/55/usr/share/code/resources/app/out/vs/workbench/workbench.desktop.main.js:124:11171)
    at file:///snap/code/55/usr/share/code/resources/app/out/vs/workbench/workbench.desktop.main.js:3:139342
    at Array.forEach (<anonymous>)
    at t.splice (file:///snap/code/55/usr/share/code/resources/app/out/vs/workbench/workbench.desktop.main.js:3:139329)
    at file:///snap/code/55/usr/share/code/resources/app/out/vs/workbench/workbench.desktop.main.js:138:7711
    at d.bufferEvents (file:///snap/code/55/usr/share/code/resources/app/out/vs/workbench/workbench.desktop.main.js:55:4384)
    at L.splice (file:///snap/code/55/usr/share/code/resources/app/out/vs/workbench/workbench.desktop.main.js:138:7678)
    at L.splice (file:///snap/code/55/usr/share/code/resources/app/out/vs/workbench/workbench.desktop.main.js:162:44086)
    at Object.splice (file:///snap/code/55/usr/share/code/resources/app/out/vs/workbench/workbench.desktop.main.js:56:63632)
    at C.refilter (file:///snap/code/55/usr/share/code/resources/app/out/vs/workbench/workbench.desktop.main.js:56:49818)
    at D.refilter (file:///snap/code/55/usr/share/code/resources/app/out/vs/workbench/workbench.desktop.main.js:56:57484)
    at u.refilter (file:///snap/code/55/usr/share/code/resources/app/out/vs/workbench/workbench.desktop.main.js:56:62728)
    at h.refilter (file:///snap/code/55/usr/share/code/resources/app/out/vs/workbench/workbench.desktop.main.js:56:65892)
    at C.refilter (file:///snap/code/55/usr/share/code/resources/app/out/vs/workbench/workbench.desktop.main.js:163:873)
    at I.onDidSpliceModel (file:///snap/code/55/usr/share/code/resources/app/out/vs/workbench/workbench.desktop.main.js:162:39407)
    at u.fire (file:///snap/code/55/usr/share/code/resources/app/out/vs/workbench/workbench.desktop.main.js:55:1856)
    at file:///snap/code/55/usr/share/code/resources/app/out/vs/workbench/workbench.desktop.main.js:53:58618
    at u.fire (file:///snap/code/55/usr/share/code/resources/app/out/vs/workbench/workbench.desktop.main.js:55:1836)
    at C.spliceSimple (file:///snap/code/55/usr/share/code/resources/app/out/vs/workbench/workbench.desktop.main.js:56:47364)
    at C.splice (file:///snap/code/55/usr/share/code/resources/app/out/vs/workbench/workbench.desktop.main.js:56:45418)
    at D._setChildren (file:///snap/code/55/usr/share/code/resources/app/out/vs/workbench/workbench.desktop.main.js:56:55297)
    at D.setChildren (file:///snap/code/55/usr/share/code/resources/app/out/vs/workbench/workbench.desktop.main.js:56:54635)
    at u._setChildren (file:///snap/code/55/usr/share/code/resources/app/out/vs/workbench/workbench.desktop.main.js:56:61195)
    at u.setChildren (file:///snap/code/55/usr/share/code/resources/app/out/vs/workbench/workbench.desktop.main.js:56:60640)
    at h.setChildren (file:///snap/code/55/usr/share/code/resources/app/out/vs/workbench/workbench.desktop.main.js:56:64767)
    at C.setChildren (file:///snap/code/55/usr/share/code/resources/app/out/vs/workbench/workbench.desktop.main.js:163:8378)
    at G.render (file:///snap/code/55/usr/share/code/resources/app/out/vs/workbench/workbench.desktop.main.js:163:23111)
    at G.render (file:///snap/code/55/usr/share/code/resources/app/out/vs/workbench/workbench.desktop.main.js:163:27675)
    at G.refreshAndRenderNode (file:///snap/code/55/usr/share/code/resources/app/out/vs/workbench/workbench.desktop.main.js:163:19816)
    at async G._updateChildren (file:///snap/code/55/usr/share/code/resources/app/out/vs/workbench/workbench.desktop.main.js:163:17022)
    at async G.updateChildren (file:///snap/code/55/usr/share/code/resources/app/out/vs/workbench/workbench.desktop.main.js:163:16688)
    at async qr.setEditable (file:///snap/code/55/usr/share/code/resources/app/out/vs/workbench/workbench.desktop.main.js:2546:20003)
    at async Lo.setEditable (file:///snap/code/55/usr/share/code/resources/app/out/vs/workbench/workbench.desktop.main.js:1884:17556)
    at async ye (file:///snap/code/55/usr/share/code/resources/app/out/vs/workbench/workbench.desktop.main.js:2545:11892)
    at async handler (file:///snap/code/55/usr/share/code/resources/app/out/vs/workbench/workbench.desktop.main.js:2545:12116)
    at async D.run (file:///snap/code/55/usr/share/code/resources/app/out/vs/workbench/workbench.desktop.main.js:163:30446)
    at async s.runAction (file:///snap/code/55/usr/share/code/resources/app/out/vs/workbench/workbench.desktop.main.js:1268:30478)
[2021-02-17 13:43:34.221] [renderer1] [error] spawn git ENOENT: Error: spawn git ENOENT
	at Process.ChildProcess._handle.onexit (internal/child_process.js:267:19)
	at onErrorNT (internal/child_process.js:469:16)
	at processTicksAndRejections (internal/process/task_queues.js:84:21)
[2021-02-17 13:44:29.829] [renderer1] [error] [storage state.vscdb] prepare(): Error: SQLITE_READONLY_DBMOVED: attempt to write a readonly database (INSERT INTO ItemTable VALUES (?,?),(?,?),(?,?),(?,?)). Details: Keys: memento/workbench.parts.editor, editors.mru, history.entries, workbench.explorer.treeViewState Length: 3687
